{"X-Request-Id": "", "asctime": "2025-04-24 03:00:03,861", "levelname": "INFO", "name": "profiles_api", "message": "Profile Super Admin received"}
{"X-Request-Id": "", "asctime": "2025-04-24 03:22:44,408", "levelname": "INFO", "name": "profiles_api", "message": "Profile Super Admin received"}
{"X-Request-Id": "", "asctime": "2025-04-24 03:22:57,236", "levelname": "INFO", "name": "profiles_api", "message": "Profile Super Admin received"}
{"X-Request-Id": "791b19e43b0fd82a9ddeb0e34dabeadc", "asctime": "2025-04-24 04:01:50,950", "levelname": "INFO", "name": "profiles_api", "message": "Profile Super Admin received"}
{"X-Request-Id": "", "asctime": "2025-04-24 07:12:07,744", "levelname": "INFO", "name": "profiles_api", "message": "Both PostgreSQL databases are ready!"}
{"X-Request-Id": "a3a82459e6ca13d30dc96392305c08ed", "asctime": "2025-04-24 07:12:11,566", "levelname": "INFO", "name": "profiles_api", "message": "Profile Aaron Walker received"}
{"X-Request-Id": "5be1ba13bf749f1545d0f2260800fb6c", "asctime": "2025-04-24 07:45:44,259", "levelname": "INFO", "name": "profiles_api", "message": "Profile Super Admin received"}
{"X-Request-Id": "3aee6b0cb16437bc5017673313c0bcd9", "asctime": "2025-04-24 07:46:19,754", "levelname": "INFO", "name": "profiles_api", "message": "Profile Super Admin received"}
{"X-Request-Id": "0c18449deb37fc997bf0e2d277059f66", "asctime": "2025-04-24 07:51:03,451", "levelname": "INFO", "name": "profiles_api", "message": "Profile Super Admin received"}
{"X-Request-Id": "e1d34ad5035310526c722175112ef9d7", "asctime": "2025-04-24 08:35:04,320", "levelname": "INFO", "name": "profiles_api", "message": "Profile Super админьев received"}
{"X-Request-Id": "84ce9630dffad1affd0c2430e701fca2", "asctime": "2025-04-24 08:35:13,037", "levelname": "INFO", "name": "profiles_api", "message": "Profile Super админьев received"}
{"X-Request-Id": "", "asctime": "2025-04-24 08:45:23,326", "levelname": "INFO", "name": "profiles_api", "message": "Both PostgreSQL databases are ready!"}
{"X-Request-Id": "", "asctime": "2025-04-24 08:47:30,386", "levelname": "INFO", "name": "profiles_api", "message": "Both PostgreSQL databases are ready!"}
{"X-Request-Id": "", "asctime": "2025-04-24 08:50:02,568", "levelname": "INFO", "name": "profiles_api", "message": "Both PostgreSQL databases are ready!"}
{"X-Request-Id": "", "asctime": "2025-04-24 08:52:53,806", "levelname": "INFO", "name": "profiles_api", "message": "Both PostgreSQL databases are ready!"}
{"X-Request-Id": "8f424373068b989fafa3c4d083b5b775", "asctime": "2025-04-24 08:52:58,502", "levelname": "INFO", "name": "profiles_api", "message": "Profile John Cummings received"}
{"X-Request-Id": "", "asctime": "2025-04-24 08:54:58,343", "levelname": "INFO", "name": "profiles_api", "message": "Both PostgreSQL databases are ready!"}
{"X-Request-Id": "28203cc37a9c99c4f8ff8f8466cb77a0", "asctime": "2025-04-24 08:55:02,729", "levelname": "INFO", "name": "profiles_api", "message": "Profile Randy Watts received"}
{"X-Request-Id": "", "asctime": "2025-04-24 08:58:35,175", "levelname": "INFO", "name": "profiles_api", "message": "Both PostgreSQL databases are ready!"}
{"X-Request-Id": "af1e13f2b2c7730e60b366de175f495b", "asctime": "2025-04-24 08:58:39,355", "levelname": "INFO", "name": "profiles_api", "message": "Profile Janice Haney received"}
{"X-Request-Id": "", "asctime": "2025-04-24 09:04:14,153", "levelname": "INFO", "name": "profiles_api", "message": "Both PostgreSQL databases are ready!"}
{"X-Request-Id": "364c456985a030988acc687d22cdc625", "asctime": "2025-04-24 09:04:18,313", "levelname": "INFO", "name": "profiles_api", "message": "Profile Crystal Rice received"}
{"X-Request-Id": "", "asctime": "2025-04-24 09:15:28,526", "levelname": "INFO", "name": "profiles_api", "message": "Both PostgreSQL databases are ready!"}
{"X-Request-Id": "c3b7b5f2e31cfe067d17f3a3b9a4bd51", "asctime": "2025-04-24 09:15:32,711", "levelname": "INFO", "name": "profiles_api", "message": "Profile Alicia Aguilar received"}
{"X-Request-Id": "", "asctime": "2025-04-24 09:17:20,277", "levelname": "INFO", "name": "profiles_api", "message": "Both PostgreSQL databases are ready!"}
{"X-Request-Id": "f570c69ec72412a89729781441188c7c", "asctime": "2025-04-24 09:17:24,344", "levelname": "INFO", "name": "profiles_api", "message": "Profile Terry Miller received"}
